<?xml version="1.0" encoding="UTF-8"?>
<robot generator="Robot 7.4.2 (Python 3.12.10 on win32)" generated="2026-07-20T12:58:04.542535" rpa="false" schemaversion="5">
<suite id="s1" name="Test1" source="C:\Users\anc932515\Downloads\Robot_framwwork\tests\test1.robot">
<test id="s1-t1" name="Verify Door Lock" line="8">
<kw name="Open Browser" owner="SeleniumLibrary">
<msg time="2026-07-20T12:58:05.038060" level="INFO">Opening browser 'chrome' to base url 'http://localhost:8080'.</msg>
<msg time="2026-07-20T12:58:12.177921" level="INFO" html="true">&lt;/td&gt;&lt;/tr&gt;&lt;tr&gt;&lt;td colspan="3"&gt;&lt;a href="selenium-screenshot-1.png"&gt;&lt;img src="selenium-screenshot-1.png" width="800px"&gt;&lt;/a&gt;</msg>
<msg time="2026-07-20T12:58:12.179306" level="FAIL">WebDriverException: Message: unknown error: net::ERR_CONNECTION_REFUSED
  (Session info: chrome=150.0.7871.125)
Stacktrace:
	chromedriver!GetHandleVerifier [0x7ff72cd60d25+155a5]
	chromedriver!GetHandleVerifier [0x7ff72cd60d80+15600]
	chromedriver!(No symbol) [0x7ff72c8b594d]
	chromedriver!(No symbol) [0x7ff72c8b2709]
	chromedriver!(No symbol) [0x7ff72c8a2a91]
	chromedriver!(No symbol) [0x7ff72c8a48ff]
	chromedriver!(No symbol) [0x7ff72c8a3033]
	chromedriver!(No symbol) [0x7ff72c8a27fb]
	chromedriver!(No symbol) [0x7ff72c8a24b1]
	chromedriver!(No symbol) [0x7ff72c8a0167]
	chromedriver!(No symbol) [0x7ff72c8a08e2]
	chromedriver!(No symbol) [0x7ff72c8b9bf6]
	chromedriver!(No symbol) [0x7ff72c95ee24]
	chromedriver!(No symbol) [0x7ff72c9391ca]
	chromedriver!(No symbol) [0x7ff72c95e01b]
	chromedriver!(No symbol) [0x7ff72c902e6c]
	chromedriver!(No symbol) [0x7ff72c903d93]
	chromedriver!GetHandleVerifier [0x7ff72d346431+5facb1]
	chromedriver!GetHandleVerifier [0x7ff72d340a9b+5f531b]
	chromedriver!GetHandleVerifier [0x7ff72d365865+61a0e5]
	chromedriver!GetHandleVerifier [0x7ff72cd7dace+3234e]
	chromedriver!GetHandleVerifier [0x7ff72cd8661c+3ae9c]
	chromedriver!GetHandleVerifier [0x7ff72cd6ab74+1f3f4]
	chromedriver!GetHandleVerifier [0x7ff72cd6ad04+1f584]
	chromedriver!GetHandleVerifier [0x7ff72cd4d9d7+2257]
	KERNEL32!BaseThreadInitThunk [0x7ffb246ae957+17]
	ntdll!RtlUserThreadStart [0x7ffb249e7c1c+2c]
</msg>
<arg>${URL}</arg>
<arg>chrome</arg>
<doc>Opens a new browser instance to the optional ``url``.</doc>
<status status="FAIL" start="2026-07-20T12:58:05.037077" elapsed="7.150426">WebDriverException: Message: unknown error: net::ERR_CONNECTION_REFUSED
  (Session info: chrome=150.0.7871.125)
Stacktrace:
	chromedriver!GetHandleVerifier [0x7ff72cd60d25+155a5]
	chromedriver!GetHandleVerifier [0x7ff72cd60d80+15600]
	chromedriver!(No symbol) [0x7ff72c8b594d]
	chromedriver!(No symbol) [0x7ff72c8b2709]
	chromedriver!(No symbol) [0x7ff72c8a2a91]
	chromedriver!(No symbol) [0x7ff72c8a48ff]
	chromedriver!(No symbol) [0x7ff72c8a3033]
	chromedriver!(No symbol) [0x7ff72c8a27fb]
	chromedriver!(No symbol) [0x7ff72c8a24b1]
	chromedriver!(No symbol) [0x7ff72c8a0167]
	chromedriver!(No symbol) [0x7ff72c8a08e2]
	chromedriver!(No symbol) [0x7ff72c8b9bf6]
	chromedriver!(No symbol) [0x7ff72c95ee24]
	chromedriver!(No symbol) [0x7ff72c9391ca]
	chromedriver!(No symbol) [0x7ff72c95e01b]
	chromedriver!(No symbol) [0x7ff72c902e6c]
	chromedriver!(No symbol) [0x7ff72c903d93]
	chromedriver!GetHandleVerifier [0x7ff72d346431+5facb1]
	chromedriver!GetHandleVerifier [0x7ff72d340a9b+5f531b]
	chromedriver!GetHandleVerifier [0x7ff72d365865+61a0e5]
	chromedriver!GetHandleVerifier [0x7ff72cd7dace+3234e]
	chromedriver!GetHandleVerifier [0x7ff72cd8661c+3ae9c]
	chromedriver!GetHandleVerifier [0x7ff72cd6ab74+1f3f4]
	chromedriver!GetHandleVerifier [0x7ff72cd6ad04+1f584]
	chromedriver!GetHandleVerifier [0x7ff72cd4d9d7+2257]
	KERNEL32!BaseThreadInitThunk [0x7ffb246ae957+17]
	ntdll!RtlUserThreadStart [0x7ffb249e7c1c+2c]
</status>
</kw>
<kw name="Click Button" owner="SeleniumLibrary">
<arg>id=lockDoors</arg>
<doc>Clicks the button identified by ``locator``.</doc>
<status status="NOT RUN" start="2026-07-20T12:58:12.188524" elapsed="0.000000"/>
</kw>
<kw name="Wait Until Page Contains" owner="SeleniumLibrary">
<arg>Doors Locked</arg>
<doc>Waits until ``text`` appears on the current page.</doc>
<status status="NOT RUN" start="2026-07-20T12:58:12.188524" elapsed="0.000000"/>
</kw>
<kw name="Element Should Contain" owner="SeleniumLibrary">
<arg>id=status</arg>
<arg>Doors Locked</arg>
<doc>Verifies that element ``locator`` contains text ``expected``.</doc>
<status status="NOT RUN" start="2026-07-20T12:58:12.188524" elapsed="0.000000"/>
</kw>
<kw name="Close Browser" owner="SeleniumLibrary">
<doc>Closes the current browser.</doc>
<status status="NOT RUN" start="2026-07-20T12:58:12.188524" elapsed="0.000000"/>
</kw>
<status status="FAIL" start="2026-07-20T12:58:05.036070" elapsed="7.153446">WebDriverException: Message: unknown error: net::ERR_CONNECTION_REFUSED
  (Session info: chrome=150.0.7871.125)
Stacktrace:
	chromedriver!GetHandleVerifier [0x7ff72cd60d25+155a5]
	chromedriver!GetHandleVerifier [0x7ff72cd60d80+15600]
	chromedriver!(No symbol) [0x7ff72c8b594d]
	chromedriver!(No symbol) [0x7ff72c8b2709]
	chromedriver!(No symbol) [0x7ff72c8a2a91]
	chromedriver!(No symbol) [0x7ff72c8a48ff]
	chromedriver!(No symbol) [0x7ff72c8a3033]
	chromedriver!(No symbol) [0x7ff72c8a27fb]
	chromedriver!(No symbol) [0x7ff72c8a24b1]
	chromedriver!(No symbol) [0x7ff72c8a0167]
	chromedriver!(No symbol) [0x7ff72c8a08e2]
	chromedriver!(No symbol) [0x7ff72c8b9bf6]
	chromedriver!(No symbol) [0x7ff72c95ee24]
	chromedriver!(No symbol) [0x7ff72c9391ca]
	chromedriver!(No symbol) [0x7ff72c95e01b]
	chromedriver!(No symbol) [0x7ff72c902e6c]
	chromedriver!(No symbol) [0x7ff72c903d93]
	chromedriver!GetHandleVerifier [0x7ff72d346431+5facb1]
	chromedriver!GetHandleVerifier [0x7ff72d340a9b+5f531b]
	chromedriver!GetHandleVerifier [0x7ff72d365865+61a0e5]
	chromedriver!GetHandleVerifier [0x7ff72cd7dace+3234e]
	chromedriver!GetHandleVerifier [0x7ff72cd8661c+3ae9c]
	chromedriver!GetHandleVerifier [0x7ff72cd6ab74+1f3f4]
	chromedriver!GetHandleVerifier [0x7ff72cd6ad04+1f584]
	chromedriver!GetHandleVerifier [0x7ff72cd4d9d7+2257]
	KERNEL32!BaseThreadInitThunk [0x7ffb246ae957+17]
	ntdll!RtlUserThreadStart [0x7ffb249e7c1c+2c]
</status>
</test>
<status status="FAIL" start="2026-07-20T12:58:04.547056" elapsed="7.644464"/>
</suite>
<statistics>
<total>
<stat pass="0" fail="1" skip="0">All Tests</stat>
</total>
<tag>
</tag>
<suite>
<stat name="Test1" id="s1" pass="0" fail="1" skip="0">Test1</stat>
</suite>
</statistics>
<errors>
</errors>
</robot>
